<?xml version="1.0" encoding="UTF-8"?>
<testng-results ignored="0" total="4" passed="4" failed="0" skipped="0">
  <reporter-output>
  </reporter-output>
  <suite started-at="2022-08-24T18:50:50 IST" name="Suite" finished-at="2022-08-24T18:51:27 IST" duration-ms="37315">
    <groups>
    </groups>
    <test started-at="2022-08-24T18:50:50 IST" name="Test" finished-at="2022-08-24T18:51:27 IST" duration-ms="37315">
      <class name="test.Pim_Test">
        <test-method is-config="true" signature="launchBrowser()[pri:0, instance:test.Pim_Test@14dd9eb7]" started-at="2022-08-24T18:51:08 IST" name="launchBrowser" finished-at="2022-08-24T18:51:21 IST" duration-ms="13092" status="PASS">
          <reporter-output>
          </reporter-output>
        </test-method> <!-- launchBrowser -->
        <test-method is-config="true" signature="pageObjects()[pri:0, instance:test.Pim_Test@14dd9eb7]" started-at="2022-08-24T18:51:21 IST" name="pageObjects" finished-at="2022-08-24T18:51:21 IST" duration-ms="1" status="PASS">
          <reporter-output>
          </reporter-output>
        </test-method> <!-- pageObjects -->
        <test-method is-config="true" signature="login()[pri:0, instance:test.Pim_Test@14dd9eb7]" started-at="2022-08-24T18:51:21 IST" name="login" finished-at="2022-08-24T18:51:23 IST" duration-ms="2509" status="PASS">
          <reporter-output>
          </reporter-output>
        </test-method> <!-- login -->
        <test-method signature="verifyTitlelOfPimPage()[pri:0, instance:test.Pim_Test@14dd9eb7]" started-at="2022-08-24T18:51:23 IST" name="verifyTitlelOfPimPage" finished-at="2022-08-24T18:51:27 IST" duration-ms="3572" status="PASS">
          <reporter-output>
          </reporter-output>
        </test-method> <!-- verifyTitlelOfPimPage -->
        <test-method is-config="true" signature="tearDownEnvironment()[pri:0, instance:test.Pim_Test@14dd9eb7]" started-at="2022-08-24T18:51:27 IST" name="tearDownEnvironment" finished-at="2022-08-24T18:51:27 IST" duration-ms="708" status="PASS">
          <reporter-output>
          </reporter-output>
        </test-method> <!-- tearDownEnvironment -->
      </class> <!-- test.Pim_Test -->
      <class name="test.Login_Test">
        <test-method is-config="true" signature="launchBrowser()[pri:0, instance:test.Login_Test@123ef382]" started-at="2022-08-24T18:50:50 IST" name="launchBrowser" finished-at="2022-08-24T18:51:02 IST" duration-ms="11375" status="PASS">
          <reporter-output>
          </reporter-output>
        </test-method> <!-- launchBrowser -->
        <test-method is-config="true" signature="pageObjects()[pri:0, instance:test.Login_Test@123ef382]" started-at="2022-08-24T18:51:02 IST" name="pageObjects" finished-at="2022-08-24T18:51:02 IST" duration-ms="36" status="PASS">
          <reporter-output>
          </reporter-output>
        </test-method> <!-- pageObjects -->
        <test-method signature="verifyUrlOfLoginPage()[pri:-1, instance:test.Login_Test@123ef382]" started-at="2022-08-24T18:51:02 IST" name="verifyUrlOfLoginPage" finished-at="2022-08-24T18:51:02 IST" duration-ms="32" status="PASS">
          <reporter-output>
          </reporter-output>
        </test-method> <!-- verifyUrlOfLoginPage -->
        <test-method signature="verifyLohinPageIsDisplay()[pri:0, instance:test.Login_Test@123ef382]" started-at="2022-08-24T18:51:02 IST" name="verifyLohinPageIsDisplay" finished-at="2022-08-24T18:51:03 IST" duration-ms="885" status="PASS">
          <reporter-output>
          </reporter-output>
        </test-method> <!-- verifyLohinPageIsDisplay -->
        <test-method signature="verifyLogin()[pri:1, instance:test.Login_Test@123ef382]" started-at="2022-08-24T18:51:03 IST" name="verifyLogin" finished-at="2022-08-24T18:51:07 IST" duration-ms="4132" status="PASS">
          <reporter-output>
          </reporter-output>
        </test-method> <!-- verifyLogin -->
        <test-method is-config="true" signature="tearDownEnvironment()[pri:0, instance:test.Login_Test@123ef382]" started-at="2022-08-24T18:51:07 IST" name="tearDownEnvironment" finished-at="2022-08-24T18:51:08 IST" duration-ms="908" status="PASS">
          <reporter-output>
          </reporter-output>
        </test-method> <!-- tearDownEnvironment -->
      </class> <!-- test.Login_Test -->
    </test> <!-- Test -->
  </suite> <!-- Suite -->
</testng-results>
