<?xml version="1.0" encoding="UTF-8"?>
<!-- Generated by org.testng.reporters.JUnitXMLReporter -->
<testsuite ignored="0" hostname="DESKTOP-1PQ2T5K" failures="0" tests="4" name="Test" time="37.315" errors="0" timestamp="2022-08-24T18:51:28 IST">
  <testcase classname="test.Login_Test" name="verifyUrlOfLoginPage" time="0.032"/>
  <testcase classname="test.Login_Test" name="verifyLohinPageIsDisplay" time="0.885"/>
  <testcase classname="test.Login_Test" name="verifyLogin" time="4.132"/>
  <testcase classname="test.Pim_Test" name="verifyTitlelOfPimPage" time="3.572"/>
</testsuite> <!-- Test -->
